{
  "action": "closed",
  "number": 3,
  "pull_request": {
    "_links": {
      "comments": {
        "href": "https://api.github.com/repos/blesson3/gh-actions-event-files/issues/3/comments"
      },
      "commits": {
        "href": "https://api.github.com/repos/blesson3/gh-actions-event-files/pulls/3/commits"
      },
      "html": {
        "href": "https://github.com/blesson3/gh-actions-event-files/pull/3"
      },
      "issue": {
        "href": "https://api.github.com/repos/blesson3/gh-actions-event-files/issues/3"
      },
      "review_comment": {
        "href": "https://api.github.com/repos/blesson3/gh-actions-event-files/pulls/comments{/number}"
      },
      "review_comments": {
        "href": "https://api.github.com/repos/blesson3/gh-actions-event-files/pulls/3/comments"
      },
      "self": {
        "href": "https://api.github.com/repos/blesson3/gh-actions-event-files/pulls/3"
      },
      "statuses": {
        "href": "https://api.github.com/repos/blesson3/gh-actions-event-files/statuses/a91929c5bccb58f3c61904bfa79dac47c5c66ce1"
      }
    },
    "active_lock_reason": null,
    "additions": 0,
    "assignee": null,
    "assignees": [],
    "author_association": "OWNER",
    "auto_merge": null,
    "base": {
      "label": "blesson3:main",
      "ref": "main",
      "repo": {
        "allow_auto_merge": false,
        "allow_merge_commit": true,
        "allow_rebase_merge": true,
        "allow_squash_merge": true,
        "archive_url": "https://api.github.com/repos/blesson3/gh-actions-event-files/{archive_format}{/ref}",
        "archived": false,
        "assignees_url": "https://api.github.com/repos/blesson3/gh-actions-event-files/assignees{/user}",
        "blobs_url": "https://api.github.com/repos/blesson3/gh-actions-event-files/git/blobs{/sha}",
        "branches_url": "https://api.github.com/repos/blesson3/gh-actions-event-files/branches{/branch}",
        "clone_url": "https://github.com/blesson3/gh-actions-event-files.git",
        "collaborators_url": "https://api.github.com/repos/blesson3/gh-actions-event-files/collaborators{/collaborator}",
        "comments_url": "https://api.github.com/repos/blesson3/gh-actions-event-files/comments{/number}",
        "commits_url": "https://api.github.com/repos/blesson3/gh-actions-event-files/commits{/sha}",
        "compare_url": "https://api.github.com/repos/blesson3/gh-actions-event-files/compare/{base}...{head}",
        "contents_url": "https://api.github.com/repos/blesson3/gh-actions-event-files/contents/{+path}",
        "contributors_url": "https://api.github.com/repos/blesson3/gh-actions-event-files/contributors",
        "created_at": "2021-08-10T19:19:41Z",
        "default_branch": "main",
        "delete_branch_on_merge": false,
        "deployments_url": "https://api.github.com/repos/blesson3/gh-actions-event-files/deployments",
        "description": null,
        "disabled": false,
        "downloads_url": "https://api.github.com/repos/blesson3/gh-actions-event-files/downloads",
        "events_url": "https://api.github.com/repos/blesson3/gh-actions-event-files/events",
        "fork": false,
        "forks": 0,
        "forks_count": 0,
        "forks_url": "https://api.github.com/repos/blesson3/gh-actions-event-files/forks",
        "full_name": "blesson3/gh-actions-event-files",
        "git_commits_url": "https://api.github.com/repos/blesson3/gh-actions-event-files/git/commits{/sha}",
        "git_refs_url": "https://api.github.com/repos/blesson3/gh-actions-event-files/git/refs{/sha}",
        "git_tags_url": "https://api.github.com/repos/blesson3/gh-actions-event-files/git/tags{/sha}",
        "git_url": "git://github.com/blesson3/gh-actions-event-files.git",
        "has_downloads": true,
        "has_issues": true,
        "has_pages": false,
        "has_projects": true,
        "has_wiki": true,
        "homepage": null,
        "hooks_url": "https://api.github.com/repos/blesson3/gh-actions-event-files/hooks",
        "html_url": "https://github.com/blesson3/gh-actions-event-files",
        "id": 394758712,
        "issue_comment_url": "https://api.github.com/repos/blesson3/gh-actions-event-files/issues/comments{/number}",
        "issue_events_url": "https://api.github.com/repos/blesson3/gh-actions-event-files/issues/events{/number}",
        "issues_url": "https://api.github.com/repos/blesson3/gh-actions-event-files/issues{/number}",
        "keys_url": "https://api.github.com/repos/blesson3/gh-actions-event-files/keys{/key_id}",
        "labels_url": "https://api.github.com/repos/blesson3/gh-actions-event-files/labels{/name}",
        "language": "Shell",
        "languages_url": "https://api.github.com/repos/blesson3/gh-actions-event-files/languages",
        "license": null,
        "merges_url": "https://api.github.com/repos/blesson3/gh-actions-event-files/merges",
        "milestones_url": "https://api.github.com/repos/blesson3/gh-actions-event-files/milestones{/number}",
        "mirror_url": null,
        "name": "gh-actions-event-files",
        "node_id": "MDEwOlJlcG9zaXRvcnkzOTQ3NTg3MTI=",
        "notifications_url": "https://api.github.com/repos/blesson3/gh-actions-event-files/notifications{?since,all,participating}",
        "open_issues": 1,
        "open_issues_count": 1,
        "owner": {
          "avatar_url": "https://avatars.githubusercontent.com/u/11725484?v=4",
          "events_url": "https://api.github.com/users/blesson3/events{/privacy}",
          "followers_url": "https://api.github.com/users/blesson3/followers",
          "following_url": "https://api.github.com/users/blesson3/following{/other_user}",
          "gists_url": "https://api.github.com/users/blesson3/gists{/gist_id}",
          "gravatar_id": "",
          "html_url": "https://github.com/blesson3",
          "id": 11725484,
          "login": "blesson3",
          "node_id": "MDQ6VXNlcjExNzI1NDg0",
          "organizations_url": "https://api.github.com/users/blesson3/orgs",
          "received_events_url": "https://api.github.com/users/blesson3/received_events",
          "repos_url": "https://api.github.com/users/blesson3/repos",
          "site_admin": false,
          "starred_url": "https://api.github.com/users/blesson3/starred{/owner}{/repo}",
          "subscriptions_url": "https://api.github.com/users/blesson3/subscriptions",
          "type": "User",
          "url": "https://api.github.com/users/blesson3"
        },
        "private": false,
        "pulls_url": "https://api.github.com/repos/blesson3/gh-actions-event-files/pulls{/number}",
        "pushed_at": "2021-08-10T19:26:07Z",
        "releases_url": "https://api.github.com/repos/blesson3/gh-actions-event-files/releases{/id}",
        "size": 0,
        "ssh_url": "git@github.com:blesson3/gh-actions-event-files.git",
        "stargazers_count": 0,
        "stargazers_url": "https://api.github.com/repos/blesson3/gh-actions-event-files/stargazers",
        "statuses_url": "https://api.github.com/repos/blesson3/gh-actions-event-files/statuses/{sha}",
        "subscribers_url": "https://api.github.com/repos/blesson3/gh-actions-event-files/subscribers",
        "subscription_url": "https://api.github.com/repos/blesson3/gh-actions-event-files/subscription",
        "svn_url": "https://github.com/blesson3/gh-actions-event-files",
        "tags_url": "https://api.github.com/repos/blesson3/gh-actions-event-files/tags",
        "teams_url": "https://api.github.com/repos/blesson3/gh-actions-event-files/teams",
        "trees_url": "https://api.github.com/repos/blesson3/gh-actions-event-files/git/trees{/sha}",
        "updated_at": "2021-08-10T19:19:50Z",
        "url": "https://api.github.com/repos/blesson3/gh-actions-event-files",
        "watchers": 0,
        "watchers_count": 0
      },
      "sha": "9bb16df4486122046772309c12d38e0106788643",
      "user": {
        "avatar_url": "https://avatars.githubusercontent.com/u/11725484?v=4",
        "events_url": "https://api.github.com/users/blesson3/events{/privacy}",
        "followers_url": "https://api.github.com/users/blesson3/followers",
        "following_url": "https://api.github.com/users/blesson3/following{/other_user}",
        "gists_url": "https://api.github.com/users/blesson3/gists{/gist_id}",
        "gravatar_id": "",
        "html_url": "https://github.com/blesson3",
        "id": 11725484,
        "login": "blesson3",
        "node_id": "MDQ6VXNlcjExNzI1NDg0",
        "organizations_url": "https://api.github.com/users/blesson3/orgs",
        "received_events_url": "https://api.github.com/users/blesson3/received_events",
        "repos_url": "https://api.github.com/users/blesson3/repos",
        "site_admin": false,
        "starred_url": "https://api.github.com/users/blesson3/starred{/owner}{/repo}",
        "subscriptions_url": "https://api.github.com/users/blesson3/subscriptions",
        "type": "User",
        "url": "https://api.github.com/users/blesson3"
      }
    },
    "body": null,
    "changed_files": 1,
    "closed_at": "2021-08-10T19:26:07Z",
    "comments": 0,
    "comments_url": "https://api.github.com/repos/blesson3/gh-actions-event-files/issues/3/comments",
    "commits": 1,
    "commits_url": "https://api.github.com/repos/blesson3/gh-actions-event-files/pulls/3/commits",
    "created_at": "2021-08-10T19:20:35Z",
    "deletions": 0,
    "diff_url": "https://github.com/blesson3/gh-actions-event-files/pull/3.diff",
    "draft": false,
    "head": {
      "label": "blesson3:new-branch-3",
      "ref": "new-branch-3",
      "repo": {
        "allow_auto_merge": false,
        "allow_merge_commit": true,
        "allow_rebase_merge": true,
        "allow_squash_merge": true,
        "archive_url": "https://api.github.com/repos/blesson3/gh-actions-event-files/{archive_format}{/ref}",
        "archived": false,
        "assignees_url": "https://api.github.com/repos/blesson3/gh-actions-event-files/assignees{/user}",
        "blobs_url": "https://api.github.com/repos/blesson3/gh-actions-event-files/git/blobs{/sha}",
        "branches_url": "https://api.github.com/repos/blesson3/gh-actions-event-files/branches{/branch}",
        "clone_url": "https://github.com/blesson3/gh-actions-event-files.git",
        "collaborators_url": "https://api.github.com/repos/blesson3/gh-actions-event-files/collaborators{/collaborator}",
        "comments_url": "https://api.github.com/repos/blesson3/gh-actions-event-files/comments{/number}",
        "commits_url": "https://api.github.com/repos/blesson3/gh-actions-event-files/commits{/sha}",
        "compare_url": "https://api.github.com/repos/blesson3/gh-actions-event-files/compare/{base}...{head}",
        "contents_url": "https://api.github.com/repos/blesson3/gh-actions-event-files/contents/{+path}",
        "contributors_url": "https://api.github.com/repos/blesson3/gh-actions-event-files/contributors",
        "created_at": "2021-08-10T19:19:41Z",
        "default_branch": "main",
        "delete_branch_on_merge": false,
        "deployments_url": "https://api.github.com/repos/blesson3/gh-actions-event-files/deployments",
        "description": null,
        "disabled": false,
        "downloads_url": "https://api.github.com/repos/blesson3/gh-actions-event-files/downloads",
        "events_url": "https://api.github.com/repos/blesson3/gh-actions-event-files/events",
        "fork": false,
        "forks": 0,
        "forks_count": 0,
        "forks_url": "https://api.github.com/repos/blesson3/gh-actions-event-files/forks",
        "full_name": "blesson3/gh-actions-event-files",
        "git_commits_url": "https://api.github.com/repos/blesson3/gh-actions-event-files/git/commits{/sha}",
        "git_refs_url": "https://api.github.com/repos/blesson3/gh-actions-event-files/git/refs{/sha}",
        "git_tags_url": "https://api.github.com/repos/blesson3/gh-actions-event-files/git/tags{/sha}",
        "git_url": "git://github.com/blesson3/gh-actions-event-files.git",
        "has_downloads": true,
        "has_issues": true,
        "has_pages": false,
        "has_projects": true,
        "has_wiki": true,
        "homepage": null,
        "hooks_url": "https://api.github.com/repos/blesson3/gh-actions-event-files/hooks",
        "html_url": "https://github.com/blesson3/gh-actions-event-files",
        "id": 394758712,
        "issue_comment_url": "https://api.github.com/repos/blesson3/gh-actions-event-files/issues/comments{/number}",
        "issue_events_url": "https://api.github.com/repos/blesson3/gh-actions-event-files/issues/events{/number}",
        "issues_url": "https://api.github.com/repos/blesson3/gh-actions-event-files/issues{/number}",
        "keys_url": "https://api.github.com/repos/blesson3/gh-actions-event-files/keys{/key_id}",
        "labels_url": "https://api.github.com/repos/blesson3/gh-actions-event-files/labels{/name}",
        "language": "Shell",
        "languages_url": "https://api.github.com/repos/blesson3/gh-actions-event-files/languages",
        "license": null,
        "merges_url": "https://api.github.com/repos/blesson3/gh-actions-event-files/merges",
        "milestones_url": "https://api.github.com/repos/blesson3/gh-actions-event-files/milestones{/number}",
        "mirror_url": null,
        "name": "gh-actions-event-files",
        "node_id": "MDEwOlJlcG9zaXRvcnkzOTQ3NTg3MTI=",
        "notifications_url": "https://api.github.com/repos/blesson3/gh-actions-event-files/notifications{?since,all,participating}",
        "open_issues": 1,
        "open_issues_count": 1,
        "owner": {
          "avatar_url": "https://avatars.githubusercontent.com/u/11725484?v=4",
          "events_url": "https://api.github.com/users/blesson3/events{/privacy}",
          "followers_url": "https://api.github.com/users/blesson3/followers",
          "following_url": "https://api.github.com/users/blesson3/following{/other_user}",
          "gists_url": "https://api.github.com/users/blesson3/gists{/gist_id}",
          "gravatar_id": "",
          "html_url": "https://github.com/blesson3",
          "id": 11725484,
          "login": "blesson3",
          "node_id": "MDQ6VXNlcjExNzI1NDg0",
          "organizations_url": "https://api.github.com/users/blesson3/orgs",
          "received_events_url": "https://api.github.com/users/blesson3/received_events",
          "repos_url": "https://api.github.com/users/blesson3/repos",
          "site_admin": false,
          "starred_url": "https://api.github.com/users/blesson3/starred{/owner}{/repo}",
          "subscriptions_url": "https://api.github.com/users/blesson3/subscriptions",
          "type": "User",
          "url": "https://api.github.com/users/blesson3"
        },
        "private": false,
        "pulls_url": "https://api.github.com/repos/blesson3/gh-actions-event-files/pulls{/number}",
        "pushed_at": "2021-08-10T19:26:07Z",
        "releases_url": "https://api.github.com/repos/blesson3/gh-actions-event-files/releases{/id}",
        "size": 0,
        "ssh_url": "git@github.com:blesson3/gh-actions-event-files.git",
        "stargazers_count": 0,
        "stargazers_url": "https://api.github.com/repos/blesson3/gh-actions-event-files/stargazers",
        "statuses_url": "https://api.github.com/repos/blesson3/gh-actions-event-files/statuses/{sha}",
        "subscribers_url": "https://api.github.com/repos/blesson3/gh-actions-event-files/subscribers",
        "subscription_url": "https://api.github.com/repos/blesson3/gh-actions-event-files/subscription",
        "svn_url": "https://github.com/blesson3/gh-actions-event-files",
        "tags_url": "https://api.github.com/repos/blesson3/gh-actions-event-files/tags",
        "teams_url": "https://api.github.com/repos/blesson3/gh-actions-event-files/teams",
        "trees_url": "https://api.github.com/repos/blesson3/gh-actions-event-files/git/trees{/sha}",
        "updated_at": "2021-08-10T19:19:50Z",
        "url": "https://api.github.com/repos/blesson3/gh-actions-event-files",
        "watchers": 0,
        "watchers_count": 0
      },
      "sha": "a91929c5bccb58f3c61904bfa79dac47c5c66ce1",
      "user": {
        "avatar_url": "https://avatars.githubusercontent.com/u/11725484?v=4",
        "events_url": "https://api.github.com/users/blesson3/events{/privacy}",
        "followers_url": "https://api.github.com/users/blesson3/followers",
        "following_url": "https://api.github.com/users/blesson3/following{/other_user}",
        "gists_url": "https://api.github.com/users/blesson3/gists{/gist_id}",
        "gravatar_id": "",
        "html_url": "https://github.com/blesson3",
        "id": 11725484,
        "login": "blesson3",
        "node_id": "MDQ6VXNlcjExNzI1NDg0",
        "organizations_url": "https://api.github.com/users/blesson3/orgs",
        "received_events_url": "https://api.github.com/users/blesson3/received_events",
        "repos_url": "https://api.github.com/users/blesson3/repos",
        "site_admin": false,
        "starred_url": "https://api.github.com/users/blesson3/starred{/owner}{/repo}",
        "subscriptions_url": "https://api.github.com/users/blesson3/subscriptions",
        "type": "User",
        "url": "https://api.github.com/users/blesson3"
      }
    },
    "html_url": "https://github.com/blesson3/gh-actions-event-files/pull/3",
    "id": 707612587,
    "issue_url": "https://api.github.com/repos/blesson3/gh-actions-event-files/issues/3",
    "labels": [
      {
        "color": "d73a4a",
        "default": true,
        "description": "Something isn't working",
        "id": 3247831761,
        "name": "bug",
        "node_id": "MDU6TGFiZWwzMjQ3ODMxNzYx",
        "url": "https://api.github.com/repos/blesson3/gh-actions-event-files/labels/bug"
      }
    ],
    "locked": false,
    "maintainer_can_modify": false,
    "merge_commit_sha": "d1386d8241d209de6813058dfa7807884afa9384",
    "mergeable": null,
    "mergeable_state": "unknown",
    "merged": true,
    "merged_at": "2021-08-10T19:26:07Z",
    "merged_by": {
      "avatar_url": "https://avatars.githubusercontent.com/u/11725484?v=4",
      "events_url": "https://api.github.com/users/blesson3/events{/privacy}",
      "followers_url": "https://api.github.com/users/blesson3/followers",
      "following_url": "https://api.github.com/users/blesson3/following{/other_user}",
      "gists_url": "https://api.github.com/users/blesson3/gists{/gist_id}",
      "gravatar_id": "",
      "html_url": "https://github.com/blesson3",
      "id": 11725484,
      "login": "blesson3",
      "node_id": "MDQ6VXNlcjExNzI1NDg0",
      "organizations_url": "https://api.github.com/users/blesson3/orgs",
      "received_events_url": "https://api.github.com/users/blesson3/received_events",
      "repos_url": "https://api.github.com/users/blesson3/repos",
      "site_admin": false,
      "starred_url": "https://api.github.com/users/blesson3/starred{/owner}{/repo}",
      "subscriptions_url": "https://api.github.com/users/blesson3/subscriptions",
      "type": "User",
      "url": "https://api.github.com/users/blesson3"
    },
    "milestone": null,
    "node_id": "MDExOlB1bGxSZXF1ZXN0NzA3NjEyNTg3",
    "number": 3,
    "patch_url": "https://github.com/blesson3/gh-actions-event-files/pull/3.patch",
    "rebaseable": null,
    "requested_reviewers": [],
    "requested_teams": [],
    "review_comment_url": "https://api.github.com/repos/blesson3/gh-actions-event-files/pulls/comments{/number}",
    "review_comments": 0,
    "review_comments_url": "https://api.github.com/repos/blesson3/gh-actions-event-files/pulls/3/comments",
    "state": "closed",
    "statuses_url": "https://api.github.com/repos/blesson3/gh-actions-event-files/statuses/a91929c5bccb58f3c61904bfa79dac47c5c66ce1",
    "title": "new file",
    "updated_at": "2021-08-10T19:26:07Z",
    "url": "https://api.github.com/repos/blesson3/gh-actions-event-files/pulls/3",
    "user": {
      "avatar_url": "https://avatars.githubusercontent.com/u/11725484?v=4",
      "events_url": "https://api.github.com/users/blesson3/events{/privacy}",
      "followers_url": "https://api.github.com/users/blesson3/followers",
      "following_url": "https://api.github.com/users/blesson3/following{/other_user}",
      "gists_url": "https://api.github.com/users/blesson3/gists{/gist_id}",
      "gravatar_id": "",
      "html_url": "https://github.com/blesson3",
      "id": 11725484,
      "login": "blesson3",
      "node_id": "MDQ6VXNlcjExNzI1NDg0",
      "organizations_url": "https://api.github.com/users/blesson3/orgs",
      "received_events_url": "https://api.github.com/users/blesson3/received_events",
      "repos_url": "https://api.github.com/users/blesson3/repos",
      "site_admin": false,
      "starred_url": "https://api.github.com/users/blesson3/starred{/owner}{/repo}",
      "subscriptions_url": "https://api.github.com/users/blesson3/subscriptions",
      "type": "User",
      "url": "https://api.github.com/users/blesson3"
    }
  },
  "repository": {
    "archive_url": "https://api.github.com/repos/blesson3/gh-actions-event-files/{archive_format}{/ref}",
    "archived": false,
    "assignees_url": "https://api.github.com/repos/blesson3/gh-actions-event-files/assignees{/user}",
    "blobs_url": "https://api.github.com/repos/blesson3/gh-actions-event-files/git/blobs{/sha}",
    "branches_url": "https://api.github.com/repos/blesson3/gh-actions-event-files/branches{/branch}",
    "clone_url": "https://github.com/blesson3/gh-actions-event-files.git",
    "collaborators_url": "https://api.github.com/repos/blesson3/gh-actions-event-files/collaborators{/collaborator}",
    "comments_url": "https://api.github.com/repos/blesson3/gh-actions-event-files/comments{/number}",
    "commits_url": "https://api.github.com/repos/blesson3/gh-actions-event-files/commits{/sha}",
    "compare_url": "https://api.github.com/repos/blesson3/gh-actions-event-files/compare/{base}...{head}",
    "contents_url": "https://api.github.com/repos/blesson3/gh-actions-event-files/contents/{+path}",
    "contributors_url": "https://api.github.com/repos/blesson3/gh-actions-event-files/contributors",
    "created_at": "2021-08-10T19:19:41Z",
    "default_branch": "main",
    "deployments_url": "https://api.github.com/repos/blesson3/gh-actions-event-files/deployments",
    "description": null,
    "disabled": false,
    "downloads_url": "https://api.github.com/repos/blesson3/gh-actions-event-files/downloads",
    "events_url": "https://api.github.com/repos/blesson3/gh-actions-event-files/events",
    "fork": false,
    "forks": 0,
    "forks_count": 0,
    "forks_url": "https://api.github.com/repos/blesson3/gh-actions-event-files/forks",
    "full_name": "blesson3/gh-actions-event-files",
    "git_commits_url": "https://api.github.com/repos/blesson3/gh-actions-event-files/git/commits{/sha}",
    "git_refs_url": "https://api.github.com/repos/blesson3/gh-actions-event-files/git/refs{/sha}",
    "git_tags_url": "https://api.github.com/repos/blesson3/gh-actions-event-files/git/tags{/sha}",
    "git_url": "git://github.com/blesson3/gh-actions-event-files.git",
    "has_downloads": true,
    "has_issues": true,
    "has_pages": false,
    "has_projects": true,
    "has_wiki": true,
    "homepage": null,
    "hooks_url": "https://api.github.com/repos/blesson3/gh-actions-event-files/hooks",
    "html_url": "https://github.com/blesson3/gh-actions-event-files",
    "id": 394758712,
    "issue_comment_url": "https://api.github.com/repos/blesson3/gh-actions-event-files/issues/comments{/number}",
    "issue_events_url": "https://api.github.com/repos/blesson3/gh-actions-event-files/issues/events{/number}",
    "issues_url": "https://api.github.com/repos/blesson3/gh-actions-event-files/issues{/number}",
    "keys_url": "https://api.github.com/repos/blesson3/gh-actions-event-files/keys{/key_id}",
    "labels_url": "https://api.github.com/repos/blesson3/gh-actions-event-files/labels{/name}",
    "language": "Shell",
    "languages_url": "https://api.github.com/repos/blesson3/gh-actions-event-files/languages",
    "license": null,
    "merges_url": "https://api.github.com/repos/blesson3/gh-actions-event-files/merges",
    "milestones_url": "https://api.github.com/repos/blesson3/gh-actions-event-files/milestones{/number}",
    "mirror_url": null,
    "name": "gh-actions-event-files",
    "node_id": "MDEwOlJlcG9zaXRvcnkzOTQ3NTg3MTI=",
    "notifications_url": "https://api.github.com/repos/blesson3/gh-actions-event-files/notifications{?since,all,participating}",
    "open_issues": 1,
    "open_issues_count": 1,
    "owner": {
      "avatar_url": "https://avatars.githubusercontent.com/u/11725484?v=4",
      "events_url": "https://api.github.com/users/blesson3/events{/privacy}",
      "followers_url": "https://api.github.com/users/blesson3/followers",
      "following_url": "https://api.github.com/users/blesson3/following{/other_user}",
      "gists_url": "https://api.github.com/users/blesson3/gists{/gist_id}",
      "gravatar_id": "",
      "html_url": "https://github.com/blesson3",
      "id": 11725484,
      "login": "blesson3",
      "node_id": "MDQ6VXNlcjExNzI1NDg0",
      "organizations_url": "https://api.github.com/users/blesson3/orgs",
      "received_events_url": "https://api.github.com/users/blesson3/received_events",
      "repos_url": "https://api.github.com/users/blesson3/repos",
      "site_admin": false,
      "starred_url": "https://api.github.com/users/blesson3/starred{/owner}{/repo}",
      "subscriptions_url": "https://api.github.com/users/blesson3/subscriptions",
      "type": "User",
      "url": "https://api.github.com/users/blesson3"
    },
    "private": false,
    "pulls_url": "https://api.github.com/repos/blesson3/gh-actions-event-files/pulls{/number}",
    "pushed_at": "2021-08-10T19:26:07Z",
    "releases_url": "https://api.github.com/repos/blesson3/gh-actions-event-files/releases{/id}",
    "size": 0,
    "ssh_url": "git@github.com:blesson3/gh-actions-event-files.git",
    "stargazers_count": 0,
    "stargazers_url": "https://api.github.com/repos/blesson3/gh-actions-event-files/stargazers",
    "statuses_url": "https://api.github.com/repos/blesson3/gh-actions-event-files/statuses/{sha}",
    "subscribers_url": "https://api.github.com/repos/blesson3/gh-actions-event-files/subscribers",
    "subscription_url": "https://api.github.com/repos/blesson3/gh-actions-event-files/subscription",
    "svn_url": "https://github.com/blesson3/gh-actions-event-files",
    "tags_url": "https://api.github.com/repos/blesson3/gh-actions-event-files/tags",
    "teams_url": "https://api.github.com/repos/blesson3/gh-actions-event-files/teams",
    "trees_url": "https://api.github.com/repos/blesson3/gh-actions-event-files/git/trees{/sha}",
    "updated_at": "2021-08-10T19:19:50Z",
    "url": "https://api.github.com/repos/blesson3/gh-actions-event-files",
    "watchers": 0,
    "watchers_count": 0
  },
  "sender": {
    "avatar_url": "https://avatars.githubusercontent.com/u/11725484?v=4",
    "events_url": "https://api.github.com/users/blesson3/events{/privacy}",
    "followers_url": "https://api.github.com/users/blesson3/followers",
    "following_url": "https://api.github.com/users/blesson3/following{/other_user}",
    "gists_url": "https://api.github.com/users/blesson3/gists{/gist_id}",
    "gravatar_id": "",
    "html_url": "https://github.com/blesson3",
    "id": 11725484,
    "login": "blesson3",
    "node_id": "MDQ6VXNlcjExNzI1NDg0",
    "organizations_url": "https://api.github.com/users/blesson3/orgs",
    "received_events_url": "https://api.github.com/users/blesson3/received_events",
    "repos_url": "https://api.github.com/users/blesson3/repos",
    "site_admin": false,
    "starred_url": "https://api.github.com/users/blesson3/starred{/owner}{/repo}",
    "subscriptions_url": "https://api.github.com/users/blesson3/subscriptions",
    "type": "User",
    "url": "https://api.github.com/users/blesson3"
  }
}